c:\users\nahue\desktop\clonerepositorygithub\aa4_shooter_udp\aa4_serviceserver\serviceserver\serviceserver\x64\release\vc143.pdb
c:\users\nahue\desktop\clonerepositorygithub\aa4_shooter_udp\aa4_serviceserver\serviceserver\serviceserver\x64\release\versionchecker.obj
c:\users\nahue\desktop\clonerepositorygithub\aa4_shooter_udp\aa4_serviceserver\serviceserver\serviceserver\x64\release\servicemanager.obj
c:\users\nahue\desktop\clonerepositorygithub\aa4_shooter_udp\aa4_serviceserver\serviceserver\serviceserver\x64\release\networkutils.obj
c:\users\nahue\desktop\clonerepositorygithub\aa4_shooter_udp\aa4_serviceserver\serviceserver\serviceserver\x64\release\matchmakingserver.obj
c:\users\nahue\desktop\clonerepositorygithub\aa4_shooter_udp\aa4_serviceserver\serviceserver\serviceserver\x64\release\main.obj
c:\users\nahue\desktop\clonerepositorygithub\aa4_shooter_udp\aa4_serviceserver\serviceserver\serviceserver\x64\release\loginserver.obj
c:\users\nahue\desktop\clonerepositorygithub\aa4_shooter_udp\aa4_serviceserver\serviceserver\serviceserver\x64\release\databasemanager.obj
c:\users\nahue\desktop\clonerepositorygithub\aa4_shooter_udp\aa4_serviceserver\serviceserver\serviceserver\x64\release\blowfish.obj
c:\users\nahue\desktop\clonerepositorygithub\aa4_shooter_udp\aa4_serviceserver\serviceserver\serviceserver\x64\release\bcrypt.obj
c:\users\nahue\desktop\clonerepositorygithub\aa4_shooter_udp\aa4_serviceserver\serviceserver\x64\release\serviceserver.exe
c:\users\nahue\desktop\clonerepositorygithub\aa4_shooter_udp\aa4_serviceserver\serviceserver\serviceserver\x64\release\serviceserver.ipdb
c:\users\nahue\desktop\clonerepositorygithub\aa4_shooter_udp\aa4_serviceserver\serviceserver\x64\release\serviceserver.pdb
c:\users\nahue\desktop\clonerepositorygithub\aa4_shooter_udp\aa4_serviceserver\serviceserver\serviceserver\x64\release\serviceserver.iobj
c:\users\nahue\desktop\clonerepositorygithub\aa4_shooter_udp\aa4_serviceserver\serviceserver\x64\release\serviceserver.lib
c:\users\nahue\desktop\clonerepositorygithub\aa4_shooter_udp\aa4_serviceserver\serviceserver\x64\release\serviceserver.exp
c:\users\nahue\desktop\clonerepositorygithub\aa4_shooter_udp\aa4_serviceserver\serviceserver\serviceserver\x64\release\serviceserver.tlog\cl.command.1.tlog
c:\users\nahue\desktop\clonerepositorygithub\aa4_shooter_udp\aa4_serviceserver\serviceserver\serviceserver\x64\release\serviceserver.tlog\cl.read.1.tlog
c:\users\nahue\desktop\clonerepositorygithub\aa4_shooter_udp\aa4_serviceserver\serviceserver\serviceserver\x64\release\serviceserver.tlog\cl.write.1.tlog
c:\users\nahue\desktop\clonerepositorygithub\aa4_shooter_udp\aa4_serviceserver\serviceserver\serviceserver\x64\release\serviceserver.tlog\link.command.1.tlog
c:\users\nahue\desktop\clonerepositorygithub\aa4_shooter_udp\aa4_serviceserver\serviceserver\serviceserver\x64\release\serviceserver.tlog\link.read.1.tlog
c:\users\nahue\desktop\clonerepositorygithub\aa4_shooter_udp\aa4_serviceserver\serviceserver\serviceserver\x64\release\serviceserver.tlog\link.write.1.tlog
c:\users\nahue\desktop\clonerepositorygithub\aa4_shooter_udp\aa4_serviceserver\serviceserver\serviceserver\x64\release\serviceserver.tlog\serviceserver.write.1u.tlog
