  bcrypt.cpp
E:\3r CDI\Xarxes\AA4_UDP_Shooter\AA4_ServiceServer\ServiceServer\ServiceServer\bcrypt.cpp(240,21): warning C4267: 'argument': conversion from 'size_t' to 'unsigned short', possible loss of data
E:\3r CDI\Xarxes\AA4_UDP_Shooter\AA4_ServiceServer\ServiceServer\ServiceServer\bcrypt.cpp(242,51): warning C4267: 'argument': conversion from 'size_t' to 'unsigned short', possible loss of data
  blowfish.cpp
  ClientLR.cpp
E:\3r CDI\Xarxes\AA4_UDP_Shooter\AA4_ServiceServer\ServiceServer\Dependencies\include\SFML\System\Exception.hpp(41,47): warning C4275: non dll-interface class 'std::runtime_error' used as base for dll-interface class 'sf::Exception'
  (compiling source file 'ClientLR.cpp')
      C:\Program Files\Microsoft Visual Studio\2022\Community\VC\Tools\MSVC\14.43.34808\include\stdexcept(100,19):
      see declaration of 'std::runtime_error'
      E:\3r CDI\Xarxes\AA4_UDP_Shooter\AA4_ServiceServer\ServiceServer\Dependencies\include\SFML\System\Exception.hpp(41,23):
      see declaration of 'sf::Exception'
  
  DatabaseManager.cpp
  LoginServer.cpp
E:\3r CDI\Xarxes\AA4_UDP_Shooter\AA4_ServiceServer\ServiceServer\Dependencies\include\SFML\System\Exception.hpp(41,47): warning C4275: non dll-interface class 'std::runtime_error' used as base for dll-interface class 'sf::Exception'
  (compiling source file 'LoginServer.cpp')
      C:\Program Files\Microsoft Visual Studio\2022\Community\VC\Tools\MSVC\14.43.34808\include\stdexcept(100,19):
      see declaration of 'std::runtime_error'
      E:\3r CDI\Xarxes\AA4_UDP_Shooter\AA4_ServiceServer\ServiceServer\Dependencies\include\SFML\System\Exception.hpp(41,23):
      see declaration of 'sf::Exception'
  
E:\3r CDI\Xarxes\AA4_UDP_Shooter\AA4_ServiceServer\ServiceServer\ServiceServer\LoginServer.cpp(85,34): warning C4834: discarding return value of function with [[nodiscard]] attribute
E:\3r CDI\Xarxes\AA4_UDP_Shooter\AA4_ServiceServer\ServiceServer\ServiceServer\LoginServer.cpp(92,34): warning C4834: discarding return value of function with [[nodiscard]] attribute
  Main.cpp
E:\3r CDI\Xarxes\AA4_UDP_Shooter\AA4_ServiceServer\ServiceServer\Dependencies\include\SFML\System\Exception.hpp(41,47): warning C4275: non dll-interface class 'std::runtime_error' used as base for dll-interface class 'sf::Exception'
  (compiling source file 'Main.cpp')
      C:\Program Files\Microsoft Visual Studio\2022\Community\VC\Tools\MSVC\14.43.34808\include\stdexcept(100,19):
      see declaration of 'std::runtime_error'
      E:\3r CDI\Xarxes\AA4_UDP_Shooter\AA4_ServiceServer\ServiceServer\Dependencies\include\SFML\System\Exception.hpp(41,23):
      see declaration of 'sf::Exception'
  
E:\3r CDI\Xarxes\AA4_UDP_Shooter\AA4_ServiceServer\ServiceServer\ServiceServer\NetworkDefs.h(45,16): warning C4834: discarding return value of function with [[nodiscard]] attribute
  (compiling source file 'Main.cpp')
  
  MatchmakingServer.cpp
E:\3r CDI\Xarxes\AA4_UDP_Shooter\AA4_ServiceServer\ServiceServer\Dependencies\include\SFML\System\Exception.hpp(41,47): warning C4275: non dll-interface class 'std::runtime_error' used as base for dll-interface class 'sf::Exception'
  (compiling source file 'MatchmakingServer.cpp')
      C:\Program Files\Microsoft Visual Studio\2022\Community\VC\Tools\MSVC\14.43.34808\include\stdexcept(100,19):
      see declaration of 'std::runtime_error'
      E:\3r CDI\Xarxes\AA4_UDP_Shooter\AA4_ServiceServer\ServiceServer\Dependencies\include\SFML\System\Exception.hpp(41,23):
      see declaration of 'sf::Exception'
  
E:\3r CDI\Xarxes\AA4_UDP_Shooter\AA4_ServiceServer\ServiceServer\ServiceServer\NetworkDefs.h(45,16): warning C4834: discarding return value of function with [[nodiscard]] attribute
  (compiling source file 'MatchmakingServer.cpp')
  
E:\3r CDI\Xarxes\AA4_UDP_Shooter\AA4_ServiceServer\ServiceServer\ServiceServer\MatchmakingServer.cpp(47,14): warning C4101: 'response': unreferenced local variable
E:\3r CDI\Xarxes\AA4_UDP_Shooter\AA4_ServiceServer\ServiceServer\ServiceServer\MatchmakingServer.cpp(155,21): warning C4834: discarding return value of function with [[nodiscard]] attribute
E:\3r CDI\Xarxes\AA4_UDP_Shooter\AA4_ServiceServer\ServiceServer\ServiceServer\MatchmakingServer.cpp(186,25): warning C4834: discarding return value of function with [[nodiscard]] attribute
E:\3r CDI\Xarxes\AA4_UDP_Shooter\AA4_ServiceServer\ServiceServer\ServiceServer\MatchmakingServer.cpp(223,33): warning C4834: discarding return value of function with [[nodiscard]] attribute
  PacketDispatcher.cpp
E:\3r CDI\Xarxes\AA4_UDP_Shooter\AA4_ServiceServer\ServiceServer\Dependencies\include\SFML\System\Exception.hpp(41,47): warning C4275: non dll-interface class 'std::runtime_error' used as base for dll-interface class 'sf::Exception'
  (compiling source file 'PacketDispatcher.cpp')
      C:\Program Files\Microsoft Visual Studio\2022\Community\VC\Tools\MSVC\14.43.34808\include\stdexcept(100,19):
      see declaration of 'std::runtime_error'
      E:\3r CDI\Xarxes\AA4_UDP_Shooter\AA4_ServiceServer\ServiceServer\Dependencies\include\SFML\System\Exception.hpp(41,23):
      see declaration of 'sf::Exception'
  
E:\3r CDI\Xarxes\AA4_UDP_Shooter\AA4_ServiceServer\ServiceServer\ServiceServer\NetworkDefs.h(45,16): warning C4834: discarding return value of function with [[nodiscard]] attribute
  (compiling source file 'PacketDispatcher.cpp')
  
  ServiceManager.cpp
E:\3r CDI\Xarxes\AA4_UDP_Shooter\AA4_ServiceServer\ServiceServer\Dependencies\include\SFML\System\Exception.hpp(41,47): warning C4275: non dll-interface class 'std::runtime_error' used as base for dll-interface class 'sf::Exception'
  (compiling source file 'ServiceManager.cpp')
      C:\Program Files\Microsoft Visual Studio\2022\Community\VC\Tools\MSVC\14.43.34808\include\stdexcept(100,19):
      see declaration of 'std::runtime_error'
      E:\3r CDI\Xarxes\AA4_UDP_Shooter\AA4_ServiceServer\ServiceServer\Dependencies\include\SFML\System\Exception.hpp(41,23):
      see declaration of 'sf::Exception'
  
E:\3r CDI\Xarxes\AA4_UDP_Shooter\AA4_ServiceServer\ServiceServer\ServiceServer\NetworkDefs.h(45,16): warning C4834: discarding return value of function with [[nodiscard]] attribute
  (compiling source file 'ServiceManager.cpp')
  
  VersionChecker.cpp
E:\3r CDI\Xarxes\AA4_UDP_Shooter\AA4_ServiceServer\ServiceServer\Dependencies\include\SFML\System\Exception.hpp(41,47): warning C4275: non dll-interface class 'std::runtime_error' used as base for dll-interface class 'sf::Exception'
  (compiling source file 'VersionChecker.cpp')
      C:\Program Files\Microsoft Visual Studio\2022\Community\VC\Tools\MSVC\14.43.34808\include\stdexcept(100,19):
      see declaration of 'std::runtime_error'
      E:\3r CDI\Xarxes\AA4_UDP_Shooter\AA4_ServiceServer\ServiceServer\Dependencies\include\SFML\System\Exception.hpp(41,23):
      see declaration of 'sf::Exception'
  
E:\3r CDI\Xarxes\AA4_UDP_Shooter\AA4_ServiceServer\ServiceServer\ServiceServer\NetworkDefs.h(45,16): warning C4834: discarding return value of function with [[nodiscard]] attribute
  (compiling source file 'VersionChecker.cpp')
  
E:\3r CDI\Xarxes\AA4_UDP_Shooter\AA4_ServiceServer\ServiceServer\ServiceServer\VersionChecker.cpp(37,16): warning C4834: discarding return value of function with [[nodiscard]] attribute
E:\3r CDI\Xarxes\AA4_UDP_Shooter\AA4_ServiceServer\ServiceServer\ServiceServer\VersionChecker.cpp(44,16): warning C4834: discarding return value of function with [[nodiscard]] attribute
     Creating library E:\3r CDI\Xarxes\AA4_UDP_Shooter\AA4_ServiceServer\ServiceServer\x64\Release\ServiceServer.lib and object E:\3r CDI\Xarxes\AA4_UDP_Shooter\AA4_ServiceServer\ServiceServer\x64\Release\ServiceServer.exp
  Generating code
  Previous IPDB was built with incompatible compiler, fall back to full compilation.
  All 1151 functions were compiled because no usable IPDB/IOBJ from previous compilation was found.
  Finished generating code
mysqlcppconn-static.lib(mysql_driver.obj) : warning LNK4099: PDB '' was not found with 'mysqlcppconn-static.lib(mysql_driver.obj)' or at ''; linking object as if no debug info
mysqlcppconn-static.lib(mysql_connection.obj) : warning LNK4099: PDB '' was not found with 'mysqlcppconn-static.lib(mysql_connection.obj)' or at ''; linking object as if no debug info
mysqlcppconn-static.lib(mysql_native_driver_wrapper.obj) : warning LNK4099: PDB '' was not found with 'mysqlcppconn-static.lib(mysql_native_driver_wrapper.obj)' or at ''; linking object as if no debug info
mysqlcppconn-static.lib(mysql_uri.obj) : warning LNK4099: PDB '' was not found with 'mysqlcppconn-static.lib(mysql_uri.obj)' or at ''; linking object as if no debug info
mysqlcppconn-static.lib(mysql_metadata.obj) : warning LNK4099: PDB '' was not found with 'mysqlcppconn-static.lib(mysql_metadata.obj)' or at ''; linking object as if no debug info
mysqlcppconn-static.lib(mysql_warning.obj) : warning LNK4099: PDB '' was not found with 'mysqlcppconn-static.lib(mysql_warning.obj)' or at ''; linking object as if no debug info
mysqlcppconn-static.lib(mysql_prepared_statement.obj) : warning LNK4099: PDB '' was not found with 'mysqlcppconn-static.lib(mysql_prepared_statement.obj)' or at ''; linking object as if no debug info
mysqlcppconn-static.lib(mysql_statement.obj) : warning LNK4099: PDB '' was not found with 'mysqlcppconn-static.lib(mysql_statement.obj)' or at ''; linking object as if no debug info
mysqlcppconn-static.lib(mysql_debug.obj) : warning LNK4099: PDB '' was not found with 'mysqlcppconn-static.lib(mysql_debug.obj)' or at ''; linking object as if no debug info
mysqlcppconn-static.lib(mysql_client_api.obj) : warning LNK4099: PDB '' was not found with 'mysqlcppconn-static.lib(mysql_client_api.obj)' or at ''; linking object as if no debug info
mysqlcppconn-static.lib(mysql_native_connection_wrapper.obj) : warning LNK4099: PDB '' was not found with 'mysqlcppconn-static.lib(mysql_native_connection_wrapper.obj)' or at ''; linking object as if no debug info
mysqlcppconn-static.lib(mysql_util.obj) : warning LNK4099: PDB '' was not found with 'mysqlcppconn-static.lib(mysql_util.obj)' or at ''; linking object as if no debug info
mysqlcppconn-static.lib(mysql_art_resultset.obj) : warning LNK4099: PDB '' was not found with 'mysqlcppconn-static.lib(mysql_art_resultset.obj)' or at ''; linking object as if no debug info
mysqlcppconn-static.lib(mysql_resultbind.obj) : warning LNK4099: PDB '' was not found with 'mysqlcppconn-static.lib(mysql_resultbind.obj)' or at ''; linking object as if no debug info
mysqlcppconn-static.lib(mysql_ps_resultset.obj) : warning LNK4099: PDB '' was not found with 'mysqlcppconn-static.lib(mysql_ps_resultset.obj)' or at ''; linking object as if no debug info
mysqlcppconn-static.lib(mysql_ps_resultset_metadata.obj) : warning LNK4099: PDB '' was not found with 'mysqlcppconn-static.lib(mysql_ps_resultset_metadata.obj)' or at ''; linking object as if no debug info
mysqlcppconn-static.lib(mysql_parameter_metadata.obj) : warning LNK4099: PDB '' was not found with 'mysqlcppconn-static.lib(mysql_parameter_metadata.obj)' or at ''; linking object as if no debug info
mysqlcppconn-static.lib(mysql_resultset.obj) : warning LNK4099: PDB '' was not found with 'mysqlcppconn-static.lib(mysql_resultset.obj)' or at ''; linking object as if no debug info
mysqlcppconn-static.lib(mysql_native_resultset_wrapper.obj) : warning LNK4099: PDB '' was not found with 'mysqlcppconn-static.lib(mysql_native_resultset_wrapper.obj)' or at ''; linking object as if no debug info
mysqlcppconn-static.lib(mysql_native_statement_wrapper.obj) : warning LNK4099: PDB '' was not found with 'mysqlcppconn-static.lib(mysql_native_statement_wrapper.obj)' or at ''; linking object as if no debug info
mysqlcppconn-static.lib(mysql_art_rset_metadata.obj) : warning LNK4099: PDB '' was not found with 'mysqlcppconn-static.lib(mysql_art_rset_metadata.obj)' or at ''; linking object as if no debug info
mysqlcppconn-static.lib(mysql_resultset_metadata.obj) : warning LNK4099: PDB '' was not found with 'mysqlcppconn-static.lib(mysql_resultset_metadata.obj)' or at ''; linking object as if no debug info
  ServiceServer.vcxproj -> E:\3r CDI\Xarxes\AA4_UDP_Shooter\AA4_ServiceServer\ServiceServer\x64\Release\ServiceServer.exe
