c:\users\nahue\desktop\clonerepositorygithub\aa4_shooter_udp\aa4_serviceserver\serviceserver\serviceserver\x64\debug\vc143.pdb
c:\users\nahue\desktop\clonerepositorygithub\aa4_shooter_udp\aa4_serviceserver\serviceserver\serviceserver\x64\debug\vc143.idb
c:\users\nahue\desktop\clonerepositorygithub\aa4_shooter_udp\aa4_serviceserver\serviceserver\serviceserver\x64\debug\versionchecker.obj
c:\users\nahue\desktop\clonerepositorygithub\aa4_shooter_udp\aa4_serviceserver\serviceserver\serviceserver\x64\debug\servicemanager.obj
c:\users\nahue\desktop\clonerepositorygithub\aa4_shooter_udp\aa4_serviceserver\serviceserver\serviceserver\x64\debug\networkutils.obj
c:\users\nahue\desktop\clonerepositorygithub\aa4_shooter_udp\aa4_serviceserver\serviceserver\serviceserver\x64\debug\matchmakingserver.obj
c:\users\nahue\desktop\clonerepositorygithub\aa4_shooter_udp\aa4_serviceserver\serviceserver\serviceserver\x64\debug\main.obj
c:\users\nahue\desktop\clonerepositorygithub\aa4_shooter_udp\aa4_serviceserver\serviceserver\serviceserver\x64\debug\loginserver.obj
c:\users\nahue\desktop\clonerepositorygithub\aa4_shooter_udp\aa4_serviceserver\serviceserver\serviceserver\x64\debug\databasemanager.obj
c:\users\nahue\desktop\clonerepositorygithub\aa4_shooter_udp\aa4_serviceserver\serviceserver\serviceserver\x64\debug\blowfish.obj
c:\users\nahue\desktop\clonerepositorygithub\aa4_shooter_udp\aa4_serviceserver\serviceserver\serviceserver\x64\debug\bcrypt.obj
c:\users\nahue\desktop\clonerepositorygithub\aa4_shooter_udp\aa4_serviceserver\serviceserver\x64\debug\serviceserver.pdb
c:\users\nahue\desktop\clonerepositorygithub\aa4_shooter_udp\aa4_serviceserver\serviceserver\serviceserver\x64\debug\serviceserver.tlog\cl.command.1.tlog
c:\users\nahue\desktop\clonerepositorygithub\aa4_shooter_udp\aa4_serviceserver\serviceserver\serviceserver\x64\debug\serviceserver.tlog\cl.read.1.tlog
c:\users\nahue\desktop\clonerepositorygithub\aa4_shooter_udp\aa4_serviceserver\serviceserver\serviceserver\x64\debug\serviceserver.tlog\cl.write.1.tlog
c:\users\nahue\desktop\clonerepositorygithub\aa4_shooter_udp\aa4_serviceserver\serviceserver\serviceserver\x64\debug\serviceserver.tlog\link-cvtres.read.1.tlog
c:\users\nahue\desktop\clonerepositorygithub\aa4_shooter_udp\aa4_serviceserver\serviceserver\serviceserver\x64\debug\serviceserver.tlog\link-cvtres.write.1.tlog
c:\users\nahue\desktop\clonerepositorygithub\aa4_shooter_udp\aa4_serviceserver\serviceserver\serviceserver\x64\debug\serviceserver.tlog\link-rc.read.1.tlog
c:\users\nahue\desktop\clonerepositorygithub\aa4_shooter_udp\aa4_serviceserver\serviceserver\serviceserver\x64\debug\serviceserver.tlog\link-rc.write.1.tlog
c:\users\nahue\desktop\clonerepositorygithub\aa4_shooter_udp\aa4_serviceserver\serviceserver\serviceserver\x64\debug\serviceserver.tlog\link.command.1.tlog
c:\users\nahue\desktop\clonerepositorygithub\aa4_shooter_udp\aa4_serviceserver\serviceserver\serviceserver\x64\debug\serviceserver.tlog\link.read.1.tlog
c:\users\nahue\desktop\clonerepositorygithub\aa4_shooter_udp\aa4_serviceserver\serviceserver\serviceserver\x64\debug\serviceserver.tlog\link.read.2.tlog
c:\users\nahue\desktop\clonerepositorygithub\aa4_shooter_udp\aa4_serviceserver\serviceserver\serviceserver\x64\debug\serviceserver.tlog\link.write.1.tlog
